<?xml version="1.0" encoding="UTF-8"?>
<!-- Generated by org.testng.reporters.JUnitXMLReporter -->
<testsuite hostname="hostDEV" ignored="0" name="Free CRM App Test Cases" tests="13" failures="0" timestamp="14 Jul 2018 18:56:12 GMT" time="216.331" errors="0">
  <testcase name="logInTest" time="8.266" classname="com.crm.qa.testcases.LoginPageTest"/>
  <testcase name="loginPageTitleTest" time="0.012" classname="com.crm.qa.testcases.LoginPageTest"/>
  <testcase name="loginpageLogoTest" time="0.088" classname="com.crm.qa.testcases.LoginPageTest"/>
  <testcase name="verifyContactLinkTest" time="1.221" classname="com.crm.qa.testcases.HomePageTest"/>
  <testcase name="verifyAddNewContactTest" time="3.783" classname="com.crm.qa.testcases.ContactsPageTest"/>
  <testcase name="verifyAddNewContactTest" time="3.616" classname="com.crm.qa.testcases.ContactsPageTest"/>
  <testcase name="verifyAddNewContactTest" time="2.694" classname="com.crm.qa.testcases.ContactsPageTest"/>
  <testcase name="verifyAddNewContactTest" time="3.564" classname="com.crm.qa.testcases.ContactsPageTest"/>
  <testcase name="verifyHomePageTitleTest" time="0.008" classname="com.crm.qa.testcases.HomePageTest"/>
  <testcase name="verifyContactLabelTest" time="0.056" classname="com.crm.qa.testcases.ContactsPageTest"/>
  <testcase name="verifyUserNameTest" time="0.092" classname="com.crm.qa.testcases.HomePageTest"/>
  <testcase name="verifyselectSingleContactByNameTest" time="0.092" classname="com.crm.qa.testcases.ContactsPageTest"/>
  <testcase name="verifyselectMultipleContactByNameTest" time="0.201" classname="com.crm.qa.testcases.ContactsPageTest"/>
</testsuite> <!-- Free CRM App Test Cases -->
