<?xml version="1.0" encoding="UTF-8"?>
<!-- Generated by org.testng.reporters.JUnitXMLReporter -->
<testsuite hostname="hostDEV" ignored="0" name="Free CRM App Test Cases" tests="13" failures="1" timestamp="03 Aug 2018 03:06:29 GMT" time="204.196" errors="0">
  <testcase name="logInTest" time="9.28" classname="com.crm.qa.testcases.LoginPageTest"/>
  <testcase name="loginPageTitleTest" time="0.02" classname="com.crm.qa.testcases.LoginPageTest">
    <failure type="java.lang.AssertionError" message="expected:&amp;lt;#1 Free CRM software in the cloud for sales and service&amp;gt; but was:&amp;lt;Free CRM software in the cloud powers sales and customer service&amp;gt;">
      <![CDATA[java.lang.AssertionError: expected:<#1 Free CRM software in the cloud for sales and service> but was:<Free CRM software in the cloud powers sales and customer service>
at com.crm.qa.testcases.LoginPageTest.loginPageTitleTest(LoginPageTest.java:42)
... Removed 27 stack frames]]>
    </failure>
  </testcase> <!-- loginPageTitleTest -->
  <testcase name="loginpageLogoTest" time="0.053" classname="com.crm.qa.testcases.LoginPageTest"/>
  <testcase name="verifyContactLinkTest" time="1.462" classname="com.crm.qa.testcases.HomePageTest"/>
  <testcase name="verifyAddNewContactTest" time="4.783" classname="com.crm.qa.testcases.ContactsPageTest"/>
  <testcase name="verifyAddNewContactTest" time="3.769" classname="com.crm.qa.testcases.ContactsPageTest"/>
  <testcase name="verifyAddNewContactTest" time="3.477" classname="com.crm.qa.testcases.ContactsPageTest"/>
  <testcase name="verifyAddNewContactTest" time="3.258" classname="com.crm.qa.testcases.ContactsPageTest"/>
  <testcase name="verifyHomePageTitleTest" time="0.009" classname="com.crm.qa.testcases.HomePageTest"/>
  <testcase name="verifyContactLabelTest" time="0.043" classname="com.crm.qa.testcases.ContactsPageTest"/>
  <testcase name="verifyUserNameTest" time="0.083" classname="com.crm.qa.testcases.HomePageTest"/>
  <testcase name="verifyselectSingleContactByNameTest" time="0.122" classname="com.crm.qa.testcases.ContactsPageTest"/>
  <testcase name="verifyselectMultipleContactByNameTest" time="0.19" classname="com.crm.qa.testcases.ContactsPageTest"/>
</testsuite> <!-- Free CRM App Test Cases -->
