<?xml version="1.0" encoding="UTF-8"?>
<!-- Generated by org.testng.reporters.JUnitXMLReporter -->
<testsuite hostname="hostDEV" ignored="0" name="Default test" tests="3" failures="0" timestamp="13 Jul 2018 18:38:47 GMT" time="45.88" errors="0">
  <testcase name="verifyContactLinkTest" time="1.283" classname="com.crm.qa.testcases.HomePageTest"/>
  <testcase name="verifyHomePageTitleTest" time="0.012" classname="com.crm.qa.testcases.HomePageTest"/>
  <testcase name="verifyUserNameTest" time="0.096" classname="com.crm.qa.testcases.HomePageTest"/>
</testsuite> <!-- Default test -->
