<?xml version="1.0" encoding="UTF-8"?>
<testsuite xmlns:xsi="http://www.w3.org/2001/XMLSchema-instance" xsi:schemaLocation="https://maven.apache.org/surefire/maven-surefire-plugin/xsd/surefire-test-report.xsd" name="TestSuite" time="217.099" tests="13" errors="0" skipped="0" failures="1">
  <properties>
[...]
</properties>
  <testcase name="logInTest" classname="com.crm.qa.testcases.LoginPageTest" time="7.631"/>
  <testcase name="loginPageTitleTest" classname="com.crm.qa.testcases.LoginPageTest" time="0.023">
    <failure message="expected:&lt;#1 Free CRM software in the cloud for sales and service&gt; but was:&lt;Free CRM software in the cloud powers sales and customer service&gt;" type="java.lang.AssertionError"><![CDATA[java.lang.AssertionError: expected:<#1 Free CRM software in the cloud for sales and service> but was:<Free CRM software in the cloud powers sales and customer service>
	at com.crm.qa.testcases.LoginPageTest.loginPageTitleTest(LoginPageTest.java:42)
]]></failure>
    <system-out><![CDATA[Kalpu123
Kalpu123
https://www.freecrm.com/index.html
Before navigating to: 'https://www.freecrm.com/index.html'
Navigated to:'https://www.freecrm.com/index.html'
]]></system-out>
    <system-err><![CDATA[Starting ChromeDriver 2.38.552522 (437e6fbedfa8762dec75e2c5b3ddb86763dc9dcb) on port 13946
Only local connections are allowed.
Aug 02, 2018 1:38:58 PM org.openqa.selenium.remote.ProtocolHandshake createSession
INFO: Detected dialect: OSS
]]></system-err>
  </testcase>
  <testcase name="loginpageLogoTest" classname="com.crm.qa.testcases.LoginPageTest" time="0.052"/>
  <testcase name="verifyContactLinkTest" classname="com.crm.qa.testcases.HomePageTest" time="0.855"/>
  <testcase name="verifyHomePageTitleTest" classname="com.crm.qa.testcases.HomePageTest" time="0.026"/>
  <testcase name="verifyUserNameTest" classname="com.crm.qa.testcases.HomePageTest" time="0.08"/>
  <testcase name="verifyAddNewContactTest" classname="com.crm.qa.testcases.ContactsPageTest" time="3.832"/>
  <testcase name="verifyAddNewContactTest" classname="com.crm.qa.testcases.ContactsPageTest" time="2.754"/>
  <testcase name="verifyAddNewContactTest" classname="com.crm.qa.testcases.ContactsPageTest" time="3.098"/>
  <testcase name="verifyAddNewContactTest" classname="com.crm.qa.testcases.ContactsPageTest" time="2.983"/>
  <testcase name="verifyContactLabelTest" classname="com.crm.qa.testcases.ContactsPageTest" time="0.033"/>
  <testcase name="verifyselectSingleContactByNameTest" classname="com.crm.qa.testcases.ContactsPageTest" time="0.112"/>
  <testcase name="verifyselectMultipleContactByNameTest" classname="com.crm.qa.testcases.ContactsPageTest" time="0.186"/>
</testsuite>