-------------------------------------------------------------------------------
Test set: TestSuite
-------------------------------------------------------------------------------
Tests run: 13, Failures: 1, Errors: 0, Skipped: 0, Time elapsed: 217.099 sec <<< FAILURE! - in TestSuite
loginPageTitleTest(com.crm.qa.testcases.LoginPageTest)  Time elapsed: 0.023 sec  <<< FAILURE!
java.lang.AssertionError: expected:<#1 Free CRM software in the cloud for sales and service> but was:<Free CRM software in the cloud powers sales and customer service>
	at com.crm.qa.testcases.LoginPageTest.loginPageTitleTest(LoginPageTest.java:42)

