<?xml version="1.0" encoding="UTF-8"?>
<!-- Generated by org.testng.reporters.JUnitXMLReporter -->
<testsuite hostname="hostDEV" ignored="0" name="com.crm.qa.testcases" tests="4" failures="0" timestamp="12 Jul 2018 03:22:15 GMT" time="59.959" errors="0">
  <testcase name="verifyContactLinkTest" time="0.973" classname="com.crm.qa.testcases.HomePageTest"/>
  <testcase name="logInTest" time="6.003" classname="com.crm.qa.testcases.LoginPageTest"/>
  <testcase name="loginPageTitleTest" time="0.062" classname="com.crm.qa.testcases.LoginPageTest"/>
  <testcase name="loginpageLogoTest" time="0.05" classname="com.crm.qa.testcases.LoginPageTest"/>
</testsuite> <!-- com.crm.qa.testcases -->
