<?xml version="1.0" encoding="UTF-8"?>
<testng-results skipped="0" failed="1" ignored="0" total="13" passed="12">
  <reporter-output>
  </reporter-output>
  <suite name="FREE CRM Application Test Automation Test Suite" duration-ms="249905" started-at="2018-08-02T20:08:51Z" finished-at="2018-08-02T20:13:01Z">
    <groups>
    </groups>
    <test name="Free CRM App Test Cases" duration-ms="249905" started-at="2018-08-02T20:08:51Z" finished-at="2018-08-02T20:13:01Z">
      <class name="com.crm.qa.testcases.HomePageTest">
        <test-method status="PASS" signature="setUp()[pri:0, instance:com.crm.qa.testcases.HomePageTest@13eb8acf]" name="setUp" is-config="true" duration-ms="14614" started-at="2018-08-02T20:09:36Z" finished-at="2018-08-02T20:09:51Z">
          <reporter-output>
          </reporter-output>
        </test-method> <!-- setUp -->
        <test-method status="PASS" signature="verifyContactLinkTest()[pri:0, instance:com.crm.qa.testcases.HomePageTest@13eb8acf]" name="verifyContactLinkTest" duration-ms="1227" started-at="2018-08-02T20:09:51Z" finished-at="2018-08-02T20:09:52Z">
          <reporter-output>
          </reporter-output>
        </test-method> <!-- verifyContactLinkTest -->
        <test-method status="PASS" signature="tearDown()[pri:0, instance:com.crm.qa.testcases.HomePageTest@13eb8acf]" name="tearDown" is-config="true" duration-ms="703" started-at="2018-08-02T20:09:52Z" finished-at="2018-08-02T20:09:53Z">
          <reporter-output>
          </reporter-output>
        </test-method> <!-- tearDown -->
        <test-method status="PASS" signature="setUp()[pri:0, instance:com.crm.qa.testcases.HomePageTest@13eb8acf]" name="setUp" is-config="true" duration-ms="18274" started-at="2018-08-02T20:11:28Z" finished-at="2018-08-02T20:11:47Z">
          <reporter-output>
          </reporter-output>
        </test-method> <!-- setUp -->
        <test-method status="PASS" signature="verifyHomePageTitleTest()[pri:1, instance:com.crm.qa.testcases.HomePageTest@13eb8acf]" name="verifyHomePageTitleTest" duration-ms="191" started-at="2018-08-02T20:11:47Z" finished-at="2018-08-02T20:11:47Z">
          <reporter-output>
          </reporter-output>
        </test-method> <!-- verifyHomePageTitleTest -->
        <test-method status="PASS" signature="tearDown()[pri:0, instance:com.crm.qa.testcases.HomePageTest@13eb8acf]" name="tearDown" is-config="true" duration-ms="669" started-at="2018-08-02T20:11:47Z" finished-at="2018-08-02T20:11:48Z">
          <reporter-output>
          </reporter-output>
        </test-method> <!-- tearDown -->
        <test-method status="PASS" signature="setUp()[pri:0, instance:com.crm.qa.testcases.HomePageTest@13eb8acf]" name="setUp" is-config="true" duration-ms="13248" started-at="2018-08-02T20:12:12Z" finished-at="2018-08-02T20:12:26Z">
          <reporter-output>
          </reporter-output>
        </test-method> <!-- setUp -->
        <test-method status="PASS" signature="verifyUserNameTest()[pri:2, instance:com.crm.qa.testcases.HomePageTest@13eb8acf]" name="verifyUserNameTest" duration-ms="94" started-at="2018-08-02T20:12:26Z" finished-at="2018-08-02T20:12:26Z">
          <reporter-output>
          </reporter-output>
        </test-method> <!-- verifyUserNameTest -->
        <test-method status="PASS" signature="tearDown()[pri:0, instance:com.crm.qa.testcases.HomePageTest@13eb8acf]" name="tearDown" is-config="true" duration-ms="740" started-at="2018-08-02T20:12:26Z" finished-at="2018-08-02T20:12:27Z">
          <reporter-output>
          </reporter-output>
        </test-method> <!-- tearDown -->
      </class> <!-- com.crm.qa.testcases.HomePageTest -->
      <class name="com.crm.qa.testcases.ContactsPageTest">
        <test-method status="PASS" signature="setUp()[pri:0, instance:com.crm.qa.testcases.ContactsPageTest@51c8530f]" name="setUp" is-config="true" duration-ms="12826" started-at="2018-08-02T20:09:54Z" finished-at="2018-08-02T20:10:07Z">
          <reporter-output>
          </reporter-output>
        </test-method> <!-- setUp -->
        <test-method status="PASS" signature="verifyAddNewContactTest(java.lang.String, java.lang.String, java.lang.String, java.lang.String)[pri:0, instance:com.crm.qa.testcases.ContactsPageTest@51c8530f]" name="verifyAddNewContactTest" duration-ms="4251" started-at="2018-08-02T20:10:07Z" data-provider="getFreeCrmTestData" finished-at="2018-08-02T20:10:11Z">
          <params>
            <param index="0">
              <value>
                <![CDATA[Mr.]]>
              </value>
            </param>
            <param index="1">
              <value>
                <![CDATA[Nihar]]>
              </value>
            </param>
            <param index="2">
              <value>
                <![CDATA[G]]>
              </value>
            </param>
            <param index="3">
              <value>
                <![CDATA[Google]]>
              </value>
            </param>
          </params>
          <reporter-output>
          </reporter-output>
        </test-method> <!-- verifyAddNewContactTest -->
        <test-method status="PASS" signature="tearDown()[pri:0, instance:com.crm.qa.testcases.ContactsPageTest@51c8530f]" name="tearDown" is-config="true" duration-ms="1" started-at="2018-08-02T20:10:11Z" finished-at="2018-08-02T20:10:11Z">
          <reporter-output>
          </reporter-output>
        </test-method> <!-- tearDown -->
        <test-method status="PASS" signature="setUp()[pri:0, instance:com.crm.qa.testcases.ContactsPageTest@51c8530f]" name="setUp" is-config="true" duration-ms="15476" started-at="2018-08-02T20:10:11Z" finished-at="2018-08-02T20:10:26Z">
          <reporter-output>
          </reporter-output>
        </test-method> <!-- setUp -->
        <test-method status="PASS" signature="verifyAddNewContactTest(java.lang.String, java.lang.String, java.lang.String, java.lang.String)[pri:0, instance:com.crm.qa.testcases.ContactsPageTest@51c8530f]" name="verifyAddNewContactTest" duration-ms="3349" started-at="2018-08-02T20:10:26Z" data-provider="getFreeCrmTestData" finished-at="2018-08-02T20:10:30Z">
          <params>
            <param index="0">
              <value>
                <![CDATA[Mrs.]]>
              </value>
            </param>
            <param index="1">
              <value>
                <![CDATA[Kay]]>
              </value>
            </param>
            <param index="2">
              <value>
                <![CDATA[S]]>
              </value>
            </param>
            <param index="3">
              <value>
                <![CDATA[Facebook]]>
              </value>
            </param>
          </params>
          <reporter-output>
          </reporter-output>
        </test-method> <!-- verifyAddNewContactTest -->
        <test-method status="PASS" signature="tearDown()[pri:0, instance:com.crm.qa.testcases.ContactsPageTest@51c8530f]" name="tearDown" is-config="true" duration-ms="0" started-at="2018-08-02T20:10:30Z" finished-at="2018-08-02T20:10:30Z">
          <reporter-output>
          </reporter-output>
        </test-method> <!-- tearDown -->
        <test-method status="PASS" signature="setUp()[pri:0, instance:com.crm.qa.testcases.ContactsPageTest@51c8530f]" name="setUp" is-config="true" duration-ms="27691" started-at="2018-08-02T20:10:30Z" finished-at="2018-08-02T20:10:57Z">
          <reporter-output>
          </reporter-output>
        </test-method> <!-- setUp -->
        <test-method status="PASS" signature="verifyAddNewContactTest(java.lang.String, java.lang.String, java.lang.String, java.lang.String)[pri:0, instance:com.crm.qa.testcases.ContactsPageTest@51c8530f]" name="verifyAddNewContactTest" duration-ms="5609" started-at="2018-08-02T20:10:57Z" data-provider="getFreeCrmTestData" finished-at="2018-08-02T20:11:03Z">
          <params>
            <param index="0">
              <value>
                <![CDATA[Ms.]]>
              </value>
            </param>
            <param index="1">
              <value>
                <![CDATA[Shiv]]>
              </value>
            </param>
            <param index="2">
              <value>
                <![CDATA[P]]>
              </value>
            </param>
            <param index="3">
              <value>
                <![CDATA[Amazon]]>
              </value>
            </param>
          </params>
          <reporter-output>
          </reporter-output>
        </test-method> <!-- verifyAddNewContactTest -->
        <test-method status="PASS" signature="tearDown()[pri:0, instance:com.crm.qa.testcases.ContactsPageTest@51c8530f]" name="tearDown" is-config="true" duration-ms="1" started-at="2018-08-02T20:11:03Z" finished-at="2018-08-02T20:11:03Z">
          <reporter-output>
          </reporter-output>
        </test-method> <!-- tearDown -->
        <test-method status="PASS" signature="setUp()[pri:0, instance:com.crm.qa.testcases.ContactsPageTest@51c8530f]" name="setUp" is-config="true" duration-ms="22610" started-at="2018-08-02T20:11:03Z" finished-at="2018-08-02T20:11:26Z">
          <reporter-output>
          </reporter-output>
        </test-method> <!-- setUp -->
        <test-method status="PASS" signature="verifyAddNewContactTest(java.lang.String, java.lang.String, java.lang.String, java.lang.String)[pri:0, instance:com.crm.qa.testcases.ContactsPageTest@51c8530f]" name="verifyAddNewContactTest" duration-ms="2840" started-at="2018-08-02T20:11:26Z" data-provider="getFreeCrmTestData" finished-at="2018-08-02T20:11:28Z">
          <params>
            <param index="0">
              <value>
                <![CDATA[Dr.]]>
              </value>
            </param>
            <param index="1">
              <value>
                <![CDATA[Tom]]>
              </value>
            </param>
            <param index="2">
              <value>
                <![CDATA[Peter]]>
              </value>
            </param>
            <param index="3">
              <value>
                <![CDATA[Qwer]]>
              </value>
            </param>
          </params>
          <reporter-output>
          </reporter-output>
        </test-method> <!-- verifyAddNewContactTest -->
        <test-method status="PASS" signature="tearDown()[pri:0, instance:com.crm.qa.testcases.ContactsPageTest@51c8530f]" name="tearDown" is-config="true" duration-ms="0" started-at="2018-08-02T20:11:28Z" finished-at="2018-08-02T20:11:28Z">
          <reporter-output>
          </reporter-output>
        </test-method> <!-- tearDown -->
        <test-method status="PASS" signature="setUp()[pri:0, instance:com.crm.qa.testcases.ContactsPageTest@51c8530f]" name="setUp" is-config="true" duration-ms="24770" started-at="2018-08-02T20:11:48Z" finished-at="2018-08-02T20:12:12Z">
          <reporter-output>
          </reporter-output>
        </test-method> <!-- setUp -->
        <test-method status="PASS" signature="verifyContactLabelTest()[pri:1, instance:com.crm.qa.testcases.ContactsPageTest@51c8530f]" name="verifyContactLabelTest" duration-ms="58" started-at="2018-08-02T20:12:12Z" finished-at="2018-08-02T20:12:12Z">
          <reporter-output>
          </reporter-output>
        </test-method> <!-- verifyContactLabelTest -->
        <test-method status="PASS" signature="tearDown()[pri:0, instance:com.crm.qa.testcases.ContactsPageTest@51c8530f]" name="tearDown" is-config="true" duration-ms="0" started-at="2018-08-02T20:12:12Z" finished-at="2018-08-02T20:12:12Z">
          <reporter-output>
          </reporter-output>
        </test-method> <!-- tearDown -->
        <test-method status="PASS" signature="setUp()[pri:0, instance:com.crm.qa.testcases.ContactsPageTest@51c8530f]" name="setUp" is-config="true" duration-ms="20072" started-at="2018-08-02T20:12:27Z" finished-at="2018-08-02T20:12:47Z">
          <reporter-output>
          </reporter-output>
        </test-method> <!-- setUp -->
        <test-method status="PASS" signature="verifyselectSingleContactByNameTest()[pri:2, instance:com.crm.qa.testcases.ContactsPageTest@51c8530f]" name="verifyselectSingleContactByNameTest" duration-ms="110" started-at="2018-08-02T20:12:47Z" finished-at="2018-08-02T20:12:47Z">
          <reporter-output>
          </reporter-output>
        </test-method> <!-- verifyselectSingleContactByNameTest -->
        <test-method status="PASS" signature="setUp()[pri:0, instance:com.crm.qa.testcases.ContactsPageTest@51c8530f]" name="setUp" is-config="true" duration-ms="14248" started-at="2018-08-02T20:12:47Z" finished-at="2018-08-02T20:13:01Z">
          <reporter-output>
          </reporter-output>
        </test-method> <!-- setUp -->
        <test-method status="PASS" signature="tearDown()[pri:0, instance:com.crm.qa.testcases.ContactsPageTest@51c8530f]" name="tearDown" is-config="true" duration-ms="0" started-at="2018-08-02T20:12:47Z" finished-at="2018-08-02T20:12:47Z">
          <reporter-output>
          </reporter-output>
        </test-method> <!-- tearDown -->
        <test-method status="PASS" signature="verifyselectMultipleContactByNameTest()[pri:3, instance:com.crm.qa.testcases.ContactsPageTest@51c8530f]" name="verifyselectMultipleContactByNameTest" duration-ms="198" started-at="2018-08-02T20:13:01Z" finished-at="2018-08-02T20:13:01Z">
          <reporter-output>
          </reporter-output>
        </test-method> <!-- verifyselectMultipleContactByNameTest -->
        <test-method status="PASS" signature="tearDown()[pri:0, instance:com.crm.qa.testcases.ContactsPageTest@51c8530f]" name="tearDown" is-config="true" duration-ms="0" started-at="2018-08-02T20:13:01Z" finished-at="2018-08-02T20:13:01Z">
          <reporter-output>
          </reporter-output>
        </test-method> <!-- tearDown -->
      </class> <!-- com.crm.qa.testcases.ContactsPageTest -->
      <class name="com.crm.qa.testcases.LoginPageTest">
        <test-method status="PASS" signature="setUp()[pri:0, instance:com.crm.qa.testcases.LoginPageTest@543c6f6d]" name="setUp" is-config="true" duration-ms="16459" started-at="2018-08-02T20:08:51Z" finished-at="2018-08-02T20:09:08Z">
          <reporter-output>
          </reporter-output>
        </test-method> <!-- setUp -->
        <test-method status="PASS" signature="logInTest()[pri:0, instance:com.crm.qa.testcases.LoginPageTest@543c6f6d]" name="logInTest" duration-ms="10035" started-at="2018-08-02T20:09:08Z" finished-at="2018-08-02T20:09:18Z">
          <reporter-output>
          </reporter-output>
        </test-method> <!-- logInTest -->
        <test-method status="PASS" signature="tearDown()[pri:0, instance:com.crm.qa.testcases.LoginPageTest@543c6f6d]" name="tearDown" is-config="true" duration-ms="767" started-at="2018-08-02T20:09:18Z" finished-at="2018-08-02T20:09:19Z">
          <reporter-output>
          </reporter-output>
        </test-method> <!-- tearDown -->
        <test-method status="PASS" signature="setUp()[pri:0, instance:com.crm.qa.testcases.LoginPageTest@543c6f6d]" name="setUp" is-config="true" duration-ms="8504" started-at="2018-08-02T20:09:19Z" finished-at="2018-08-02T20:09:27Z">
          <reporter-output>
          </reporter-output>
        </test-method> <!-- setUp -->
        <test-method status="FAIL" signature="loginPageTitleTest()[pri:0, instance:com.crm.qa.testcases.LoginPageTest@543c6f6d]" name="loginPageTitleTest" duration-ms="14" started-at="2018-08-02T20:09:27Z" finished-at="2018-08-02T20:09:27Z">
          <exception class="java.lang.AssertionError">
            <message>
              <![CDATA[expected:<#1 Free CRM software in the cloud for sales and service> but was:<Free CRM software in the cloud powers sales and customer service>]]>
            </message>
            <full-stacktrace>
              <![CDATA[java.lang.AssertionError: expected:<#1 Free CRM software in the cloud for sales and service> but was:<Free CRM software in the cloud powers sales and customer service>
at org.testng.AssertJUnit.assertEquals(AssertJUnit.java:101)
at org.testng.AssertJUnit.assertEquals(AssertJUnit.java:108)
at com.crm.qa.testcases.LoginPageTest.loginPageTitleTest(LoginPageTest.java:42)
at sun.reflect.NativeMethodAccessorImpl.invoke0(Native Method)
at sun.reflect.NativeMethodAccessorImpl.invoke(NativeMethodAccessorImpl.java:62)
at sun.reflect.DelegatingMethodAccessorImpl.invoke(DelegatingMethodAccessorImpl.java:43)
at java.lang.reflect.Method.invoke(Method.java:497)
at org.testng.internal.MethodInvocationHelper.invokeMethod(MethodInvocationHelper.java:124)
at org.testng.internal.Invoker.invokeMethod(Invoker.java:580)
at org.testng.internal.Invoker.invokeTestMethod(Invoker.java:716)
at org.testng.internal.Invoker.invokeTestMethods(Invoker.java:988)
at org.testng.internal.TestMethodWorker.invokeTestMethods(TestMethodWorker.java:125)
at org.testng.internal.TestMethodWorker.run(TestMethodWorker.java:109)
at org.testng.TestRunner.privateRun(TestRunner.java:648)
at org.testng.TestRunner.run(TestRunner.java:505)
at org.testng.SuiteRunner.runTest(SuiteRunner.java:455)
at org.testng.SuiteRunner.runSequentially(SuiteRunner.java:450)
at org.testng.SuiteRunner.privateRun(SuiteRunner.java:415)
at org.testng.SuiteRunner.run(SuiteRunner.java:364)
at org.testng.SuiteRunnerWorker.runSuite(SuiteRunnerWorker.java:52)
at org.testng.SuiteRunnerWorker.run(SuiteRunnerWorker.java:84)
at org.testng.TestNG.runSuitesSequentially(TestNG.java:1208)
at org.testng.TestNG.runSuitesLocally(TestNG.java:1137)
at org.testng.TestNG.runSuites(TestNG.java:1049)
at org.testng.TestNG.run(TestNG.java:1017)
at org.testng.remote.AbstractRemoteTestNG.run(AbstractRemoteTestNG.java:114)
at org.testng.remote.RemoteTestNG.initAndRun(RemoteTestNG.java:251)
at org.testng.remote.RemoteTestNG.main(RemoteTestNG.java:77)
]]>
            </full-stacktrace>
          </exception> <!-- java.lang.AssertionError -->
          <reporter-output>
          </reporter-output>
        </test-method> <!-- loginPageTitleTest -->
        <test-method status="PASS" signature="tearDown()[pri:0, instance:com.crm.qa.testcases.LoginPageTest@543c6f6d]" name="tearDown" is-config="true" duration-ms="658" started-at="2018-08-02T20:09:27Z" finished-at="2018-08-02T20:09:28Z">
          <reporter-output>
          </reporter-output>
        </test-method> <!-- tearDown -->
        <test-method status="PASS" signature="setUp()[pri:0, instance:com.crm.qa.testcases.LoginPageTest@543c6f6d]" name="setUp" is-config="true" duration-ms="7575" started-at="2018-08-02T20:09:28Z" finished-at="2018-08-02T20:09:35Z">
          <reporter-output>
          </reporter-output>
        </test-method> <!-- setUp -->
        <test-method status="PASS" signature="loginpageLogoTest()[pri:0, instance:com.crm.qa.testcases.LoginPageTest@543c6f6d]" name="loginpageLogoTest" duration-ms="55" started-at="2018-08-02T20:09:35Z" finished-at="2018-08-02T20:09:35Z">
          <reporter-output>
          </reporter-output>
        </test-method> <!-- loginpageLogoTest -->
        <test-method status="PASS" signature="tearDown()[pri:0, instance:com.crm.qa.testcases.LoginPageTest@543c6f6d]" name="tearDown" is-config="true" duration-ms="683" started-at="2018-08-02T20:09:35Z" finished-at="2018-08-02T20:09:36Z">
          <reporter-output>
          </reporter-output>
        </test-method> <!-- tearDown -->
      </class> <!-- com.crm.qa.testcases.LoginPageTest -->
    </test> <!-- Free CRM App Test Cases -->
  </suite> <!-- FREE CRM Application Test Automation Test Suite -->
</testng-results>
