<?xml version="1.0" encoding="UTF-8"?>
<!-- Generated by org.testng.reporters.JUnitXMLReporter -->
<testsuite hostname="hostDEV" name="Free CRM App Test Cases" tests="13" failures="1" timestamp="2 Aug 2018 20:42:14 GMT" time="216.266" errors="0">
  <testcase name="logInTest" time="7.629" classname="com.crm.qa.testcases.LoginPageTest"/>
  <testcase name="loginPageTitleTest" time="0.014" classname="com.crm.qa.testcases.LoginPageTest">
    <failure type="java.lang.AssertionError" message="expected:&amp;lt;#1 Free CRM software in the cloud for sales and service&amp;gt; but was:&amp;lt;Free CRM software in the cloud powers sales and customer service&amp;gt;">
      <![CDATA[java.lang.AssertionError: expected:<#1 Free CRM software in the cloud for sales and service> but was:<Free CRM software in the cloud powers sales and customer service>
	at com.crm.qa.testcases.LoginPageTest.loginPageTitleTest(LoginPageTest.java:42)
... Removed 29 stack frames]]>
    </failure>
  </testcase> <!-- loginPageTitleTest -->
  <testcase name="loginpageLogoTest" time="0.051" classname="com.crm.qa.testcases.LoginPageTest"/>
  <testcase name="verifyContactLinkTest" time="0.853" classname="com.crm.qa.testcases.HomePageTest"/>
  <testcase name="verifyHomePageTitleTest" time="0.026" classname="com.crm.qa.testcases.HomePageTest"/>
  <testcase name="verifyUserNameTest" time="0.08" classname="com.crm.qa.testcases.HomePageTest"/>
  <testcase name="verifyAddNewContactTest" time="3.832" classname="com.crm.qa.testcases.ContactsPageTest"/>
  <testcase name="verifyAddNewContactTest" time="2.754" classname="com.crm.qa.testcases.ContactsPageTest"/>
  <testcase name="verifyAddNewContactTest" time="3.099" classname="com.crm.qa.testcases.ContactsPageTest"/>
  <testcase name="verifyAddNewContactTest" time="2.983" classname="com.crm.qa.testcases.ContactsPageTest"/>
  <testcase name="verifyContactLabelTest" time="0.033" classname="com.crm.qa.testcases.ContactsPageTest"/>
  <testcase name="verifyselectSingleContactByNameTest" time="0.113" classname="com.crm.qa.testcases.ContactsPageTest"/>
  <testcase name="verifyselectMultipleContactByNameTest" time="0.185" classname="com.crm.qa.testcases.ContactsPageTest"/>
</testsuite> <!-- Free CRM App Test Cases -->
